# JRE version: OpenJDK Runtime Environment (17.0.6) (build 17.0.6+0-b2043.56-10027231)
# Java VM: OpenJDK 64-Bit Server VM (17.0.6+0-b2043.56-10027231, mixed mode, tiered, compressed oops, compressed class ptrs, g1 gc, windows-amd64)
GC Precious Log:
 CPUs: 16 total, 16 available
 Memory: 15613M
 Large Page Support: Disabled
 NUMA Support: Disabled
 Compressed Oops: Enabled (32-bit)
 Heap Region Size: 1M
 Heap Min Capacity: 8M
 Heap Initial Capacity: 244M
 Heap Max Capacity: 2G
 Pre-touch: Disabled
 Parallel Workers: 13
 Concurrent Workers: 3
 Concurrent Refinement Workers: 13
 Periodic GC: Disabled
Heap:
 garbage-first heap   total 249856K, used 117097K [0x0000000080000000, 0x0000000100000000)
  region size 1024K, 6 young (6144K), 6 survivors (6144K)
 Metaspace       used 99060K, committed 99648K, reserved 1138688K
  class space    used 13711K, committed 14016K, reserved 1048576K
GC Heap History (20 events):
Event: 6.618 GC heap after
{Heap after GC invocations=23 (full 0):
 garbage-first heap   total 154624K, used 76708K [0x0000000080000000, 0x0000000100000000)
  region size 1024K, 7 young (7168K), 7 survivors (7168K)
 Metaspace       used 84804K, committed 85440K, reserved 1130496K
  class space    used 11653K, committed 11968K, reserved 1048576K
}
Event: 6.764 GC heap before
{Heap before GC invocations=23 (full 0):
 garbage-first heap   total 154624K, used 122788K [0x0000000080000000, 0x0000000100000000)
  region size 1024K, 53 young (54272K), 7 survivors (7168K)
 Metaspace       used 85435K, committed 86080K, reserved 1130496K
  class space    used 11802K, committed 12096K, reserved 1048576K
}
Event: 6.768 GC heap after
{Heap after GC invocations=24 (full 0):
 garbage-first heap   total 154624K, used 80107K [0x0000000080000000, 0x0000000100000000)
  region size 1024K, 4 young (4096K), 4 survivors (4096K)
 Metaspace       used 85435K, committed 86080K, reserved 1130496K
  class space    used 11802K, committed 12096K, reserved 1048576K
}
Event: 7.059 GC heap before
{Heap before GC invocations=25 (full 0):
 garbage-first heap   total 154624K, used 119019K [0x0000000080000000, 0x0000000100000000)
  region size 1024K, 44 young (45056K), 4 survivors (4096K)
 Metaspace       used 86059K, committed 86720K, reserved 1130496K
  class space    used 11873K, committed 12160K, reserved 1048576K
}
Event: 7.062 GC heap after
{Heap after GC invocations=26 (full 0):
 garbage-first heap   total 154624K, used 83859K [0x0000000080000000, 0x0000000100000000)
  region size 1024K, 6 young (6144K), 6 survivors (6144K)
 Metaspace       used 86059K, committed 86720K, reserved 1130496K
  class space    used 11873K, committed 12160K, reserved 1048576K
}
Event: 7.470 GC heap before
{Heap before GC invocations=27 (full 0):
 garbage-first heap   total 154624K, used 126867K [0x0000000080000000, 0x0000000100000000)
  region size 1024K, 48 young (49152K), 6 survivors (6144K)
 Metaspace       used 91505K, committed 92160K, reserved 1130496K
  class space    used 12544K, committed 12864K, reserved 1048576K
}
Event: 7.474 GC heap after
{Heap after GC invocations=28 (full 0):
 garbage-first heap   total 154624K, used 87749K [0x0000000080000000, 0x0000000100000000)
  region size 1024K, 5 young (5120K), 5 survivors (5120K)
 Metaspace       used 91505K, committed 92160K, reserved 1130496K
  class space    used 12544K, committed 12864K, reserved 1048576K
}
Event: 7.576 GC heap before
{Heap before GC invocations=28 (full 0):
 garbage-first heap   total 154624K, used 124613K [0x0000000080000000, 0x0000000100000000)
  region size 1024K, 42 young (43008K), 5 survivors (5120K)
 Metaspace       used 92185K, committed 92736K, reserved 1130496K
  class space    used 12611K, committed 12864K, reserved 1048576K
}
Event: 7.580 GC heap after
{Heap after GC invocations=29 (full 0):
 garbage-first heap   total 154624K, used 90205K [0x0000000080000000, 0x0000000100000000)
  region size 1024K, 3 young (3072K), 3 survivors (3072K)
 Metaspace       used 92185K, committed 92736K, reserved 1130496K
  class space    used 12611K, committed 12864K, reserved 1048576K
}
Event: 7.747 GC heap before
{Heap before GC invocations=30 (full 0):
 garbage-first heap   total 167936K, used 127069K [0x0000000080000000, 0x0000000100000000)
  region size 1024K, 40 young (40960K), 3 survivors (3072K)
 Metaspace       used 93784K, committed 94336K, reserved 1130496K
  class space    used 12868K, committed 13120K, reserved 1048576K
}
Event: 7.749 GC heap after
{Heap after GC invocations=31 (full 0):
 garbage-first heap   total 167936K, used 95572K [0x0000000080000000, 0x0000000100000000)
  region size 1024K, 5 young (5120K), 5 survivors (5120K)
 Metaspace       used 93784K, committed 94336K, reserved 1130496K
  class space    used 12868K, committed 13120K, reserved 1048576K
}
Event: 7.752 GC heap before
{Heap before GC invocations=31 (full 0):
 garbage-first heap   total 167936K, used 97620K [0x0000000080000000, 0x0000000100000000)
  region size 1024K, 8 young (8192K), 5 survivors (5120K)
 Metaspace       used 93805K, committed 94336K, reserved 1130496K
  class space    used 12873K, committed 13120K, reserved 1048576K
}
Event: 7.754 GC heap after
{Heap after GC invocations=32 (full 0):
 garbage-first heap   total 167936K, used 96152K [0x0000000080000000, 0x0000000100000000)
  region size 1024K, 1 young (1024K), 1 survivors (1024K)
 Metaspace       used 93805K, committed 94336K, reserved 1130496K
  class space    used 12873K, committed 13120K, reserved 1048576K
}
Event: 7.856 GC heap before
{Heap before GC invocations=32 (full 0):
 garbage-first heap   total 167936K, used 137112K [0x0000000080000000, 0x0000000100000000)
  region size 1024K, 42 young (43008K), 1 survivors (1024K)
 Metaspace       used 94917K, committed 95488K, reserved 1138688K
  class space    used 13034K, committed 13312K, reserved 1048576K
}
Event: 7.858 GC heap after
{Heap after GC invocations=33 (full 0):
 garbage-first heap   total 167936K, used 102659K [0x0000000080000000, 0x0000000100000000)
  region size 1024K, 6 young (6144K), 6 survivors (6144K)
 Metaspace       used 94917K, committed 95488K, reserved 1138688K
  class space    used 13034K, committed 13312K, reserved 1048576K
}
Event: 8.062 GC heap before
{Heap before GC invocations=34 (full 0):
 garbage-first heap   total 183296K, used 136451K [0x0000000080000000, 0x0000000100000000)
  region size 1024K, 40 young (40960K), 6 survivors (6144K)
 Metaspace       used 98403K, committed 99008K, reserved 1138688K
  class space    used 13597K, committed 13888K, reserved 1048576K
}
Event: 8.065 GC heap after
{Heap after GC invocations=35 (full 0):
 garbage-first heap   total 183296K, used 107799K [0x0000000080000000, 0x0000000100000000)
  region size 1024K, 5 young (5120K), 5 survivors (5120K)
 Metaspace       used 98403K, committed 99008K, reserved 1138688K
  class space    used 13597K, committed 13888K, reserved 1048576K
}
Event: 8.071 GC heap before
{Heap before GC invocations=35 (full 0):
 garbage-first heap   total 183296K, used 110871K [0x0000000080000000, 0x0000000100000000)
  region size 1024K, 8 young (8192K), 5 survivors (5120K)
 Metaspace       used 98437K, committed 99072K, reserved 1138688K
  class space    used 13604K, committed 13952K, reserved 1048576K
}
Event: 8.074 GC heap after
{Heap after GC invocations=36 (full 0):
 garbage-first heap   total 183296K, used 108182K [0x0000000080000000, 0x0000000100000000)
  region size 1024K, 1 young (1024K), 1 survivors (1024K)
 Metaspace       used 98437K, committed 99072K, reserved 1138688K
  class space    used 13604K, committed 13952K, reserved 1048576K
}
Event: 8.155 GC heap before
{Heap before GC invocations=36 (full 0):
 garbage-first heap   total 183296K, used 149142K [0x0000000080000000, 0x0000000100000000)
  region size 1024K, 41 young (41984K), 1 survivors (1024K)
 Metaspace       used 99060K, committed 99648K, reserved 1138688K
  class space    used 13711K, committed 14016K, reserved 1048576K
}

