# JRE version: OpenJDK Runtime Environment (17.0.6) (build 17.0.6+0-b2043.56-10027231)
# Java VM: OpenJDK 64-Bit Server VM (17.0.6+0-b2043.56-10027231, mixed mode, tiered, compressed oops, compressed class ptrs, g1 gc, windows-amd64)
GC Precious Log:
 CPUs: 16 total, 16 available
 Memory: 15613M
 Large Page Support: Disabled
 NUMA Support: Disabled
 Compressed Oops: Enabled (32-bit)
 Heap Region Size: 1M
 Heap Min Capacity: 8M
 Heap Initial Capacity: 244M
 Heap Max Capacity: 2G
 Pre-touch: Disabled
 Parallel Workers: 13
 Concurrent Workers: 3
 Concurrent Refinement Workers: 13
 Periodic GC: Disabled
Heap:
 garbage-first heap   total 249856K, used 142990K [0x0000000080000000, 0x0000000100000000)
  region size 1024K, 7 young (7168K), 7 survivors (7168K)
 Metaspace       used 103854K, committed 104576K, reserved 1138688K
  class space    used 14613K, committed 14976K, reserved 1048576K
GC Heap History (20 events):
Event: 7.670 GC heap after
{Heap after GC invocations=27 (full 0):
 garbage-first heap   total 122880K, used 77291K [0x0000000080000000, 0x0000000100000000)
  region size 1024K, 3 young (3072K), 3 survivors (3072K)
 Metaspace       used 84595K, committed 85248K, reserved 1130496K
  class space    used 11585K, committed 11904K, reserved 1048576K
}
Event: 7.780 GC heap before
{Heap before GC invocations=28 (full 0):
 garbage-first heap   total 138240K, used 100843K [0x0000000080000000, 0x0000000100000000)
  region size 1024K, 27 young (27648K), 3 survivors (3072K)
 Metaspace       used 85265K, committed 85952K, reserved 1130496K
  class space    used 11782K, committed 12096K, reserved 1048576K
}
Event: 7.782 GC heap after
{Heap after GC invocations=29 (full 0):
 garbage-first heap   total 138240K, used 79613K [0x0000000080000000, 0x0000000100000000)
  region size 1024K, 3 young (3072K), 3 survivors (3072K)
 Metaspace       used 85265K, committed 85952K, reserved 1130496K
  class space    used 11782K, committed 12096K, reserved 1048576K
}
Event: 7.791 GC heap before
{Heap before GC invocations=29 (full 0):
 garbage-first heap   total 138240K, used 81661K [0x0000000080000000, 0x0000000100000000)
  region size 1024K, 6 young (6144K), 3 survivors (3072K)
 Metaspace       used 85272K, committed 85952K, reserved 1130496K
  class space    used 11782K, committed 12096K, reserved 1048576K
}
Event: 7.792 GC heap after
{Heap after GC invocations=30 (full 0):
 garbage-first heap   total 138240K, used 79411K [0x0000000080000000, 0x0000000100000000)
  region size 1024K, 1 young (1024K), 1 survivors (1024K)
 Metaspace       used 85272K, committed 85952K, reserved 1130496K
  class space    used 11782K, committed 12096K, reserved 1048576K
}
Event: 7.939 GC heap before
{Heap before GC invocations=30 (full 0):
 garbage-first heap   total 138240K, used 111155K [0x0000000080000000, 0x0000000100000000)
  region size 1024K, 33 young (33792K), 1 survivors (1024K)
 Metaspace       used 85485K, committed 86144K, reserved 1130496K
  class space    used 11788K, committed 12096K, reserved 1048576K
}
Event: 7.941 GC heap after
{Heap after GC invocations=31 (full 0):
 garbage-first heap   total 226304K, used 81223K [0x0000000080000000, 0x0000000100000000)
  region size 1024K, 3 young (3072K), 3 survivors (3072K)
 Metaspace       used 85485K, committed 86144K, reserved 1130496K
  class space    used 11788K, committed 12096K, reserved 1048576K
}
Event: 8.674 GC heap before
{Heap before GC invocations=32 (full 0):
 garbage-first heap   total 226304K, used 176455K [0x0000000080000000, 0x0000000100000000)
  region size 1024K, 96 young (98304K), 3 survivors (3072K)
 Metaspace       used 91951K, committed 92544K, reserved 1130496K
  class space    used 12566K, committed 12864K, reserved 1048576K
}
Event: 8.678 GC heap after
{Heap after GC invocations=33 (full 0):
 garbage-first heap   total 226304K, used 88609K [0x0000000080000000, 0x0000000100000000)
  region size 1024K, 10 young (10240K), 10 survivors (10240K)
 Metaspace       used 91951K, committed 92544K, reserved 1130496K
  class space    used 12566K, committed 12864K, reserved 1048576K
}
Event: 8.680 GC heap before
{Heap before GC invocations=33 (full 0):
 garbage-first heap   total 226304K, used 89633K [0x0000000080000000, 0x0000000100000000)
  region size 1024K, 11 young (11264K), 10 survivors (10240K)
 Metaspace       used 91952K, committed 92544K, reserved 1130496K
  class space    used 12568K, committed 12864K, reserved 1048576K
}
Event: 8.683 GC heap after
{Heap after GC invocations=34 (full 0):
 garbage-first heap   total 226304K, used 89463K [0x0000000080000000, 0x0000000100000000)
  region size 1024K, 2 young (2048K), 2 survivors (2048K)
 Metaspace       used 91952K, committed 92544K, reserved 1130496K
  class space    used 12568K, committed 12864K, reserved 1048576K
}
Event: 8.903 GC heap before
{Heap before GC invocations=34 (full 0):
 garbage-first heap   total 226304K, used 175479K [0x0000000080000000, 0x0000000100000000)
  region size 1024K, 87 young (89088K), 2 survivors (2048K)
 Metaspace       used 93954K, committed 94592K, reserved 1130496K
  class space    used 12896K, committed 13184K, reserved 1048576K
}
Event: 8.906 GC heap after
{Heap after GC invocations=35 (full 0):
 garbage-first heap   total 226304K, used 100458K [0x0000000080000000, 0x0000000100000000)
  region size 1024K, 11 young (11264K), 11 survivors (11264K)
 Metaspace       used 93954K, committed 94592K, reserved 1130496K
  class space    used 12896K, committed 13184K, reserved 1048576K
}
Event: 9.299 GC heap before
{Heap before GC invocations=35 (full 0):
 garbage-first heap   total 226304K, used 176234K [0x0000000080000000, 0x0000000100000000)
  region size 1024K, 86 young (88064K), 11 survivors (11264K)
 Metaspace       used 98816K, committed 99520K, reserved 1138688K
  class space    used 13658K, committed 14016K, reserved 1048576K
}
Event: 9.306 GC heap after
{Heap after GC invocations=36 (full 0):
 garbage-first heap   total 226304K, used 112764K [0x0000000080000000, 0x0000000100000000)
  region size 1024K, 11 young (11264K), 11 survivors (11264K)
 Metaspace       used 98816K, committed 99520K, reserved 1138688K
  class space    used 13658K, committed 14016K, reserved 1048576K
}
Event: 9.522 GC heap before
{Heap before GC invocations=36 (full 0):
 garbage-first heap   total 226304K, used 176252K [0x0000000080000000, 0x0000000100000000)
  region size 1024K, 74 young (75776K), 11 survivors (11264K)
 Metaspace       used 101841K, committed 102528K, reserved 1138688K
  class space    used 14186K, committed 14528K, reserved 1048576K
}
Event: 9.531 GC heap after
{Heap after GC invocations=37 (full 0):
 garbage-first heap   total 226304K, used 124442K [0x0000000080000000, 0x0000000100000000)
  region size 1024K, 10 young (10240K), 10 survivors (10240K)
 Metaspace       used 101841K, committed 102528K, reserved 1138688K
  class space    used 14186K, committed 14528K, reserved 1048576K
}
Event: 9.646 GC heap before
{Heap before GC invocations=37 (full 0):
 garbage-first heap   total 226304K, used 179738K [0x0000000080000000, 0x0000000100000000)
  region size 1024K, 64 young (65536K), 10 survivors (10240K)
 Metaspace       used 103184K, committed 103872K, reserved 1138688K
  class space    used 14459K, committed 14784K, reserved 1048576K
}
Event: 9.653 GC heap after
{Heap after GC invocations=38 (full 0):
 garbage-first heap   total 226304K, used 134144K [0x0000000080000000, 0x0000000100000000)
  region size 1024K, 8 young (8192K), 8 survivors (8192K)
 Metaspace       used 103184K, committed 103872K, reserved 1138688K
  class space    used 14459K, committed 14784K, reserved 1048576K
}
Event: 9.705 GC heap before
{Heap before GC invocations=38 (full 0):
 garbage-first heap   total 226304K, used 181248K [0x0000000080000000, 0x0000000100000000)
  region size 1024K, 55 young (56320K), 8 survivors (8192K)
 Metaspace       used 103854K, committed 104576K, reserved 1138688K
  class space    used 14613K, committed 14976K, reserved 1048576K
}

