# JRE version: OpenJDK Runtime Environment (17.0.6) (build 17.0.6+0-b2043.56-10027231)
# Java VM: OpenJDK 64-Bit Server VM (17.0.6+0-b2043.56-10027231, mixed mode, tiered, compressed oops, compressed class ptrs, g1 gc, windows-amd64)
GC Precious Log:
 CPUs: 16 total, 16 available
 Memory: 15613M
 Large Page Support: Disabled
 NUMA Support: Disabled
 Compressed Oops: Enabled (32-bit)
 Heap Region Size: 1M
 Heap Min Capacity: 8M
 Heap Initial Capacity: 244M
 Heap Max Capacity: 2G
 Pre-touch: Disabled
 Parallel Workers: 13
 Concurrent Workers: 3
 Concurrent Refinement Workers: 13
 Periodic GC: Disabled
Heap:
 garbage-first heap   total 249856K, used 90252K [0x0000000080000000, 0x0000000100000000)
  region size 1024K, 4 young (4096K), 4 survivors (4096K)
 Metaspace       used 70660K, committed 71232K, reserved 1114112K
  class space    used 9154K, committed 9408K, reserved 1048576K
GC Heap History (20 events):
Event: 16.448 GC heap after
{Heap after GC invocations=35 (full 0):
 garbage-first heap   total 143360K, used 82927K [0x0000000080000000, 0x0000000100000000)
  region size 1024K, 1 young (1024K), 1 survivors (1024K)
 Metaspace       used 70116K, committed 70720K, reserved 1114112K
  class space    used 9130K, committed 9408K, reserved 1048576K
}
Event: 28.103 GC heap before
{Heap before GC invocations=35 (full 0):
 garbage-first heap   total 143360K, used 117743K [0x0000000080000000, 0x0000000100000000)
  region size 1024K, 35 young (35840K), 1 survivors (1024K)
 Metaspace       used 70125K, committed 70720K, reserved 1114112K
  class space    used 9130K, committed 9408K, reserved 1048576K
}
Event: 28.104 GC heap after
{Heap after GC invocations=36 (full 0):
 garbage-first heap   total 143360K, used 82690K [0x0000000080000000, 0x0000000100000000)
  region size 1024K, 1 young (1024K), 1 survivors (1024K)
 Metaspace       used 70125K, committed 70720K, reserved 1114112K
  class space    used 9130K, committed 9408K, reserved 1048576K
}
Event: 60.448 GC heap before
{Heap before GC invocations=37 (full 0):
 garbage-first heap   total 143360K, used 118530K [0x0000000080000000, 0x0000000100000000)
  region size 1024K, 36 young (36864K), 1 survivors (1024K)
 Metaspace       used 70144K, committed 70784K, reserved 1114112K
  class space    used 9130K, committed 9408K, reserved 1048576K
}
Event: 60.449 GC heap after
{Heap after GC invocations=38 (full 0):
 garbage-first heap   total 143360K, used 82700K [0x0000000080000000, 0x0000000100000000)
  region size 1024K, 1 young (1024K), 1 survivors (1024K)
 Metaspace       used 70144K, committed 70784K, reserved 1114112K
  class space    used 9130K, committed 9408K, reserved 1048576K
}
Event: 66.765 GC heap before
{Heap before GC invocations=38 (full 0):
 garbage-first heap   total 143360K, used 88844K [0x0000000080000000, 0x0000000100000000)
  region size 1024K, 7 young (7168K), 1 survivors (1024K)
 Metaspace       used 70153K, committed 70784K, reserved 1114112K
  class space    used 9130K, committed 9408K, reserved 1048576K
}
Event: 66.766 GC heap after
{Heap after GC invocations=39 (full 0):
 garbage-first heap   total 143360K, used 82818K [0x0000000080000000, 0x0000000100000000)
  region size 1024K, 1 young (1024K), 1 survivors (1024K)
 Metaspace       used 70153K, committed 70784K, reserved 1114112K
  class space    used 9130K, committed 9408K, reserved 1048576K
}
Event: 66.842 GC heap before
{Heap before GC invocations=39 (full 0):
 garbage-first heap   total 143360K, used 84866K [0x0000000080000000, 0x0000000100000000)
  region size 1024K, 5 young (5120K), 1 survivors (1024K)
 Metaspace       used 70227K, committed 70848K, reserved 1114112K
  class space    used 9131K, committed 9408K, reserved 1048576K
}
Event: 66.844 GC heap after
{Heap after GC invocations=40 (full 0):
 garbage-first heap   total 143360K, used 83405K [0x0000000080000000, 0x0000000100000000)
  region size 1024K, 2 young (2048K), 2 survivors (2048K)
 Metaspace       used 70227K, committed 70848K, reserved 1114112K
  class space    used 9131K, committed 9408K, reserved 1048576K
}
Event: 66.892 GC heap before
{Heap before GC invocations=41 (full 0):
 garbage-first heap   total 174080K, used 119245K [0x0000000080000000, 0x0000000100000000)
  region size 1024K, 34 young (34816K), 2 survivors (2048K)
 Metaspace       used 70405K, committed 71040K, reserved 1114112K
  class space    used 9141K, committed 9408K, reserved 1048576K
}
Event: 66.894 GC heap after
{Heap after GC invocations=42 (full 0):
 garbage-first heap   total 174080K, used 88594K [0x0000000080000000, 0x0000000100000000)
  region size 1024K, 5 young (5120K), 5 survivors (5120K)
 Metaspace       used 70405K, committed 71040K, reserved 1114112K
  class space    used 9141K, committed 9408K, reserved 1048576K
}
Event: 66.896 GC heap before
{Heap before GC invocations=42 (full 0):
 garbage-first heap   total 174080K, used 90642K [0x0000000080000000, 0x0000000100000000)
  region size 1024K, 8 young (8192K), 5 survivors (5120K)
 Metaspace       used 70412K, committed 71040K, reserved 1114112K
  class space    used 9143K, committed 9408K, reserved 1048576K
}
Event: 66.898 GC heap after
{Heap after GC invocations=43 (full 0):
 garbage-first heap   total 174080K, used 88002K [0x0000000080000000, 0x0000000100000000)
  region size 1024K, 1 young (1024K), 1 survivors (1024K)
 Metaspace       used 70412K, committed 71040K, reserved 1114112K
  class space    used 9143K, committed 9408K, reserved 1048576K
}
Event: 66.934 GC heap before
{Heap before GC invocations=43 (full 0):
 garbage-first heap   total 174080K, used 138178K [0x0000000080000000, 0x0000000100000000)
  region size 1024K, 51 young (52224K), 1 survivors (1024K)
 Metaspace       used 70574K, committed 71168K, reserved 1114112K
  class space    used 9154K, committed 9408K, reserved 1048576K
}
Event: 66.936 GC heap after
{Heap after GC invocations=44 (full 0):
 garbage-first heap   total 174080K, used 88288K [0x0000000080000000, 0x0000000100000000)
  region size 1024K, 1 young (1024K), 1 survivors (1024K)
 Metaspace       used 70574K, committed 71168K, reserved 1114112K
  class space    used 9154K, committed 9408K, reserved 1048576K
}
Event: 66.988 GC heap before
{Heap before GC invocations=45 (full 0):
 garbage-first heap   total 204800K, used 143584K [0x0000000080000000, 0x0000000100000000)
  region size 1024K, 56 young (57344K), 1 survivors (1024K)
 Metaspace       used 70647K, committed 71232K, reserved 1114112K
  class space    used 9154K, committed 9408K, reserved 1048576K
}
Event: 66.989 GC heap after
{Heap after GC invocations=46 (full 0):
 garbage-first heap   total 204800K, used 88390K [0x0000000080000000, 0x0000000100000000)
  region size 1024K, 2 young (2048K), 2 survivors (2048K)
 Metaspace       used 70647K, committed 71232K, reserved 1114112K
  class space    used 9154K, committed 9408K, reserved 1048576K
}
Event: 66.994 GC heap before
{Heap before GC invocations=46 (full 0):
 garbage-first heap   total 204800K, used 95558K [0x0000000080000000, 0x0000000100000000)
  region size 1024K, 10 young (10240K), 2 survivors (2048K)
 Metaspace       used 70650K, committed 71232K, reserved 1114112K
  class space    used 9154K, committed 9408K, reserved 1048576K
}
Event: 66.995 GC heap after
{Heap after GC invocations=47 (full 0):
 garbage-first heap   total 204800K, used 88481K [0x0000000080000000, 0x0000000100000000)
  region size 1024K, 2 young (2048K), 2 survivors (2048K)
 Metaspace       used 70650K, committed 71232K, reserved 1114112K
  class space    used 9154K, committed 9408K, reserved 1048576K
}
Event: 67.048 GC heap before
{Heap before GC invocations=47 (full 0):
 garbage-first heap   total 204800K, used 171425K [0x0000000080000000, 0x0000000100000000)
  region size 1024K, 84 young (86016K), 2 survivors (2048K)
 Metaspace       used 70660K, committed 71232K, reserved 1114112K
  class space    used 9154K, committed 9408K, reserved 1048576K
}

