# JRE version: OpenJDK Runtime Environment (17.0.6) (build 17.0.6+0-b2043.56-10027231)
# Java VM: OpenJDK 64-Bit Server VM (17.0.6+0-b2043.56-10027231, mixed mode, tiered, compressed oops, compressed class ptrs, g1 gc, windows-amd64)
GC Precious Log:
 CPUs: 16 total, 16 available
 Memory: 15613M
 Large Page Support: Disabled
 NUMA Support: Disabled
 Compressed Oops: Enabled (32-bit)
 Heap Region Size: 1M
 Heap Min Capacity: 8M
 Heap Initial Capacity: 244M
 Heap Max Capacity: 2G
 Pre-touch: Disabled
 Parallel Workers: 13
 Concurrent Workers: 3
 Concurrent Refinement Workers: 13
 Periodic GC: Disabled
Heap:
 garbage-first heap   total 249856K, used 128512K [0x0000000080000000, 0x0000000100000000)
  region size 1024K, 2 young (2048K), 2 survivors (2048K)
 Metaspace       used 102560K, committed 103232K, reserved 1138688K
  class space    used 14319K, committed 14656K, reserved 1048576K
GC Heap History (20 events):
Event: 6.915 GC heap after
{Heap after GC invocations=35 (full 0):
 garbage-first heap   total 164864K, used 80444K [0x0000000080000000, 0x0000000100000000)
  region size 1024K, 5 young (5120K), 5 survivors (5120K)
 Metaspace       used 85514K, committed 86144K, reserved 1130496K
  class space    used 11811K, committed 12096K, reserved 1048576K
}
Event: 7.272 GC heap before
{Heap before GC invocations=35 (full 0):
 garbage-first heap   total 164864K, used 131644K [0x0000000080000000, 0x0000000100000000)
  region size 1024K, 55 young (56320K), 5 survivors (5120K)
 Metaspace       used 87999K, committed 88640K, reserved 1130496K
  class space    used 12087K, committed 12352K, reserved 1048576K
}
Event: 7.275 GC heap after
{Heap after GC invocations=36 (full 0):
 garbage-first heap   total 164864K, used 83220K [0x0000000080000000, 0x0000000100000000)
  region size 1024K, 7 young (7168K), 7 survivors (7168K)
 Metaspace       used 87999K, committed 88640K, reserved 1130496K
  class space    used 12087K, committed 12352K, reserved 1048576K
}
Event: 7.561 GC heap before
{Heap before GC invocations=36 (full 0):
 garbage-first heap   total 164864K, used 132372K [0x0000000080000000, 0x0000000100000000)
  region size 1024K, 56 young (57344K), 7 survivors (7168K)
 Metaspace       used 91883K, committed 92480K, reserved 1130496K
  class space    used 12588K, committed 12864K, reserved 1048576K
}
Event: 7.566 GC heap after
{Heap after GC invocations=37 (full 0):
 garbage-first heap   total 164864K, used 87103K [0x0000000080000000, 0x0000000100000000)
  region size 1024K, 7 young (7168K), 7 survivors (7168K)
 Metaspace       used 91883K, committed 92480K, reserved 1130496K
  class space    used 12588K, committed 12864K, reserved 1048576K
}
Event: 7.751 GC heap before
{Heap before GC invocations=37 (full 0):
 garbage-first heap   total 164864K, used 133183K [0x0000000080000000, 0x0000000100000000)
  region size 1024K, 53 young (54272K), 7 survivors (7168K)
 Metaspace       used 93826K, committed 94528K, reserved 1130496K
  class space    used 12886K, committed 13248K, reserved 1048576K
}
Event: 7.755 GC heap after
{Heap after GC invocations=38 (full 0):
 garbage-first heap   total 164864K, used 92103K [0x0000000080000000, 0x0000000100000000)
  region size 1024K, 5 young (5120K), 5 survivors (5120K)
 Metaspace       used 93826K, committed 94528K, reserved 1130496K
  class space    used 12886K, committed 13248K, reserved 1048576K
}
Event: 7.789 GC heap before
{Heap before GC invocations=38 (full 0):
 garbage-first heap   total 164864K, used 133063K [0x0000000080000000, 0x0000000100000000)
  region size 1024K, 46 young (47104K), 5 survivors (5120K)
 Metaspace       used 94066K, committed 94720K, reserved 1138688K
  class space    used 12920K, committed 13248K, reserved 1048576K
}
Event: 7.791 GC heap after
{Heap after GC invocations=39 (full 0):
 garbage-first heap   total 198656K, used 99328K [0x0000000080000000, 0x0000000100000000)
  region size 1024K, 6 young (6144K), 6 survivors (6144K)
 Metaspace       used 94066K, committed 94720K, reserved 1138688K
  class space    used 12920K, committed 13248K, reserved 1048576K
}
Event: 7.944 GC heap before
{Heap before GC invocations=39 (full 0):
 garbage-first heap   total 198656K, used 118783K [0x0000000080000000, 0x0000000100000000)
  region size 1024K, 27 young (27648K), 6 survivors (6144K)
 Metaspace       used 96217K, committed 96896K, reserved 1138688K
  class space    used 13276K, committed 13632K, reserved 1048576K
}
Event: 7.947 GC heap after
{Heap after GC invocations=40 (full 0):
 garbage-first heap   total 198656K, used 102777K [0x0000000080000000, 0x0000000100000000)
  region size 1024K, 4 young (4096K), 4 survivors (4096K)
 Metaspace       used 96217K, committed 96896K, reserved 1138688K
  class space    used 13276K, committed 13632K, reserved 1048576K
}
Event: 8.151 GC heap before
{Heap before GC invocations=41 (full 0):
 garbage-first heap   total 198656K, used 157049K [0x0000000080000000, 0x0000000100000000)
  region size 1024K, 58 young (59392K), 4 survivors (4096K)
 Metaspace       used 98792K, committed 99392K, reserved 1138688K
  class space    used 13662K, committed 13952K, reserved 1048576K
}
Event: 8.157 GC heap after
{Heap after GC invocations=42 (full 0):
 garbage-first heap   total 198656K, used 112581K [0x0000000080000000, 0x0000000100000000)
  region size 1024K, 8 young (8192K), 8 survivors (8192K)
 Metaspace       used 98792K, committed 99392K, reserved 1138688K
  class space    used 13662K, committed 13952K, reserved 1048576K
}
Event: 8.159 GC heap before
{Heap before GC invocations=42 (full 0):
 garbage-first heap   total 198656K, used 113605K [0x0000000080000000, 0x0000000100000000)
  region size 1024K, 9 young (9216K), 8 survivors (8192K)
 Metaspace       used 98803K, committed 99456K, reserved 1138688K
  class space    used 13664K, committed 14016K, reserved 1048576K
}
Event: 8.163 GC heap after
{Heap after GC invocations=43 (full 0):
 garbage-first heap   total 198656K, used 113661K [0x0000000080000000, 0x0000000100000000)
  region size 1024K, 2 young (2048K), 2 survivors (2048K)
 Metaspace       used 98803K, committed 99456K, reserved 1138688K
  class space    used 13664K, committed 14016K, reserved 1048576K
}
Event: 8.340 GC heap before
{Heap before GC invocations=43 (full 0):
 garbage-first heap   total 198656K, used 158717K [0x0000000080000000, 0x0000000100000000)
  region size 1024K, 46 young (47104K), 2 survivors (2048K)
 Metaspace       used 101572K, committed 102208K, reserved 1138688K
  class space    used 14153K, committed 14464K, reserved 1048576K
}
Event: 8.346 GC heap after
{Heap after GC invocations=44 (full 0):
 garbage-first heap   total 198656K, used 120832K [0x0000000080000000, 0x0000000100000000)
  region size 1024K, 6 young (6144K), 6 survivors (6144K)
 Metaspace       used 101572K, committed 102208K, reserved 1138688K
  class space    used 14153K, committed 14464K, reserved 1048576K
}
Event: 8.499 GC heap before
{Heap before GC invocations=45 (full 0):
 garbage-first heap   total 215040K, used 159744K [0x0000000080000000, 0x0000000100000000)
  region size 1024K, 45 young (46080K), 6 survivors (6144K)
 Metaspace       used 102532K, committed 103232K, reserved 1138688K
  class space    used 14311K, committed 14656K, reserved 1048576K
}
Event: 8.505 GC heap after
{Heap after GC invocations=46 (full 0):
 garbage-first heap   total 215040K, used 127602K [0x0000000080000000, 0x0000000100000000)
  region size 1024K, 6 young (6144K), 6 survivors (6144K)
 Metaspace       used 102532K, committed 103232K, reserved 1138688K
  class space    used 14311K, committed 14656K, reserved 1048576K
}
Event: 8.530 GC heap before
{Heap before GC invocations=46 (full 0):
 garbage-first heap   total 215040K, used 131698K [0x0000000080000000, 0x0000000100000000)
  region size 1024K, 10 young (10240K), 6 survivors (6144K)
 Metaspace       used 102560K, committed 103232K, reserved 1138688K
  class space    used 14319K, committed 14656K, reserved 1048576K
}

